GPSLinkwithBluetooth 1008/GPSLinkwithBluetooth/build/outputs/logs/manifest-merger-debug-report.txt
-- Merging decision tree log ---
manifest
ADDED from GPSLinkwithBluetooth 1008/GPSLinkwithBluetooth/AndroidManifest.xml:2:1-41:12
	package
		ADDED from GPSLinkwithBluetooth 1008/GPSLinkwithBluetooth/AndroidManifest.xml:3:5-47
	android:versionName
		ADDED from GPSLinkwithBluetooth 1008/GPSLinkwithBluetooth/AndroidManifest.xml:5:5-30
		INJECTED from GPSLinkwithBluetooth 1008/GPSLinkwithBluetooth/AndroidManifest.xml
		INJECTED from GPSLinkwithBluetooth 1008/GPSLinkwithBluetooth/AndroidManifest.xml
	android:versionCode
		ADDED from GPSLinkwithBluetooth 1008/GPSLinkwithBluetooth/AndroidManifest.xml:4:5-28
		INJECTED from GPSLinkwithBluetooth 1008/GPSLinkwithBluetooth/AndroidManifest.xml
		INJECTED from GPSLinkwithBluetooth 1008/GPSLinkwithBluetooth/AndroidManifest.xml
	xmlns:android
		ADDED from GPSLinkwithBluetooth 1008/GPSLinkwithBluetooth/AndroidManifest.xml:2:11-69
uses-sdk
ADDED from GPSLinkwithBluetooth 1008/GPSLinkwithBluetooth/AndroidManifest.xml:7:5-9:40
MERGED from [com.github.lecho:hellocharts-android:v1.5.8] AndroidManifest.xml:7:5-9:41
MERGED from [com.android.support:design:23.4.0] AndroidManifest.xml:20:5-43
MERGED from [com.android.support:recyclerview-v7:23.4.0] AndroidManifest.xml:20:5-43
MERGED from [com.android.support:support-v4:23.4.0] AndroidManifest.xml:20:5-43
MERGED from [com.android.support:appcompat-v7:23.4.0] AndroidManifest.xml:21:5-23:78
MERGED from [com.android.support:animated-vector-drawable:23.4.0] AndroidManifest.xml:5:5-44
MERGED from [com.android.support:support-vector-drawable:23.4.0] AndroidManifest.xml:5:5-43
MERGED from [com.android.support:cardview-v7:23.4.0] AndroidManifest.xml:20:5-43
MERGED from [com.google.android.gms:play-services-appindexing:8.1.0] AndroidManifest.xml:18:5-42
MERGED from [com.google.android.gms:play-services-basement:8.1.0] AndroidManifest.xml:18:5-42
	tools:overrideLibrary
		ADDED from [com.android.support:appcompat-v7:23.4.0] AndroidManifest.xml:23:9-75
	android:targetSdkVersion
		ADDED from GPSLinkwithBluetooth 1008/GPSLinkwithBluetooth/AndroidManifest.xml:9:9-38
	android:minSdkVersion
		ADDED from GPSLinkwithBluetooth 1008/GPSLinkwithBluetooth/AndroidManifest.xml:8:9-35
uses-permission#android.permission.ACCESS_FINE_LOCATION
ADDED from GPSLinkwithBluetooth 1008/GPSLinkwithBluetooth/AndroidManifest.xml:11:5-79
	android:name
		ADDED from GPSLinkwithBluetooth 1008/GPSLinkwithBluetooth/AndroidManifest.xml:11:22-76
uses-permission#android.permission.ACCESS_WIFI_STATE
ADDED from GPSLinkwithBluetooth 1008/GPSLinkwithBluetooth/AndroidManifest.xml:12:5-75
	android:name
		ADDED from GPSLinkwithBluetooth 1008/GPSLinkwithBluetooth/AndroidManifest.xml:12:22-73
uses-permission#android.permission.CHANGE_WIFI_STATE
ADDED from GPSLinkwithBluetooth 1008/GPSLinkwithBluetooth/AndroidManifest.xml:13:5-75
	android:name
		ADDED from GPSLinkwithBluetooth 1008/GPSLinkwithBluetooth/AndroidManifest.xml:13:22-73
uses-permission#android.permission.WRITE_EXTERNAL_STORAGE
ADDED from GPSLinkwithBluetooth 1008/GPSLinkwithBluetooth/AndroidManifest.xml:14:5-80
	android:name
		ADDED from GPSLinkwithBluetooth 1008/GPSLinkwithBluetooth/AndroidManifest.xml:14:22-78
uses-permission#android.permission.BLUETOOTH
ADDED from GPSLinkwithBluetooth 1008/GPSLinkwithBluetooth/AndroidManifest.xml:15:5-68
	android:name
		ADDED from GPSLinkwithBluetooth 1008/GPSLinkwithBluetooth/AndroidManifest.xml:15:22-65
uses-permission#android.permission.BLUETOOTH_ADMIN
ADDED from GPSLinkwithBluetooth 1008/GPSLinkwithBluetooth/AndroidManifest.xml:16:5-74
	android:name
		ADDED from GPSLinkwithBluetooth 1008/GPSLinkwithBluetooth/AndroidManifest.xml:16:22-71
uses-permission#android.permission.ACCESS_COARSE_LOCATION
ADDED from GPSLinkwithBluetooth 1008/GPSLinkwithBluetooth/AndroidManifest.xml:17:5-81
	android:name
		ADDED from GPSLinkwithBluetooth 1008/GPSLinkwithBluetooth/AndroidManifest.xml:17:22-78
uses-permission#android.permission.INTERNET
ADDED from GPSLinkwithBluetooth 1008/GPSLinkwithBluetooth/AndroidManifest.xml:18:5-67
	android:name
		ADDED from GPSLinkwithBluetooth 1008/GPSLinkwithBluetooth/AndroidManifest.xml:18:22-64
uses-permission#android.permission.ACCESS_LOCATION_EXTRA_COMMAND
ADDED from GPSLinkwithBluetooth 1008/GPSLinkwithBluetooth/AndroidManifest.xml:19:5-87
	android:name
		ADDED from GPSLinkwithBluetooth 1008/GPSLinkwithBluetooth/AndroidManifest.xml:19:22-85
uses-permission#android.permission.WAKE_LOCK
ADDED from GPSLinkwithBluetooth 1008/GPSLinkwithBluetooth/AndroidManifest.xml:20:5-67
	android:name
		ADDED from GPSLinkwithBluetooth 1008/GPSLinkwithBluetooth/AndroidManifest.xml:20:22-65
application
ADDED from GPSLinkwithBluetooth 1008/GPSLinkwithBluetooth/AndroidManifest.xml:22:5-39:19
MERGED from [com.android.support:design:23.4.0] AndroidManifest.xml:22:5-20
MERGED from [com.android.support:support-v4:23.4.0] AndroidManifest.xml:22:5-20
MERGED from [com.android.support:appcompat-v7:23.4.0] AndroidManifest.xml:25:5-20
MERGED from [com.android.support:animated-vector-drawable:23.4.0] AndroidManifest.xml:7:5-20
MERGED from [com.android.support:support-vector-drawable:23.4.0] AndroidManifest.xml:7:5-20
MERGED from [com.android.support:cardview-v7:23.4.0] AndroidManifest.xml:22:5-20
MERGED from [com.google.android.gms:play-services-appindexing:8.1.0] AndroidManifest.xml:19:5-20
MERGED from [com.google.android.gms:play-services-basement:8.1.0] AndroidManifest.xml:20:5-24:19
	android:label
		ADDED from GPSLinkwithBluetooth 1008/GPSLinkwithBluetooth/AndroidManifest.xml:25:9-41
	android:allowBackup
		ADDED from GPSLinkwithBluetooth 1008/GPSLinkwithBluetooth/AndroidManifest.xml:23:9-35
	android:icon
		ADDED from GPSLinkwithBluetooth 1008/GPSLinkwithBluetooth/AndroidManifest.xml:24:9-41
	android:theme
		ADDED from GPSLinkwithBluetooth 1008/GPSLinkwithBluetooth/AndroidManifest.xml:26:9-40
activity#com.example.gpslinkwithbluetooth.MainActivity
ADDED from GPSLinkwithBluetooth 1008/GPSLinkwithBluetooth/AndroidManifest.xml:28:9-38:20
	android:screenOrientation
		ADDED from GPSLinkwithBluetooth 1008/GPSLinkwithBluetooth/AndroidManifest.xml:32:13-49
	android:label
		ADDED from GPSLinkwithBluetooth 1008/GPSLinkwithBluetooth/AndroidManifest.xml:30:13-45
	android:windowSoftInputMode
		ADDED from GPSLinkwithBluetooth 1008/GPSLinkwithBluetooth/AndroidManifest.xml:31:13-55
	android:name
		ADDED from GPSLinkwithBluetooth 1008/GPSLinkwithBluetooth/AndroidManifest.xml:29:13-41
intent-filter#android.intent.action.MAIN+android.intent.category.LAUNCHER
ADDED from GPSLinkwithBluetooth 1008/GPSLinkwithBluetooth/AndroidManifest.xml:33:13-37:29
action#android.intent.action.MAIN
ADDED from GPSLinkwithBluetooth 1008/GPSLinkwithBluetooth/AndroidManifest.xml:34:17-69
	android:name
		ADDED from GPSLinkwithBluetooth 1008/GPSLinkwithBluetooth/AndroidManifest.xml:34:25-66
category#android.intent.category.LAUNCHER
ADDED from GPSLinkwithBluetooth 1008/GPSLinkwithBluetooth/AndroidManifest.xml:36:17-77
	android:name
		ADDED from GPSLinkwithBluetooth 1008/GPSLinkwithBluetooth/AndroidManifest.xml:36:27-74
meta-data#com.google.android.gms.version
ADDED from [com.google.android.gms:play-services-basement:8.1.0] AndroidManifest.xml:21:9-23:69
	android:value
		ADDED from [com.google.android.gms:play-services-basement:8.1.0] AndroidManifest.xml:23:13-66
	android:name
		ADDED from [com.google.android.gms:play-services-basement:8.1.0] AndroidManifest.xml:22:13-58